<?xml version="1.0" encoding="UTF-8"?>
<!-- Generated by org.testng.reporters.JUnitReportReporter -->
<testsuite skipped="0" hostname="Riyaz" name="com.qa.DemoAutomationSite.DownloadFile" tests="1" failures="0" timestamp="27 Nov 2020 16:46:16 GMT" time="88.305" errors="0">
  <testcase name="downloadFileTest" time="88.305" classname="com.qa.DemoAutomationSite.DownloadFile"/>
</testsuite> <!-- com.qa.DemoAutomationSite.DownloadFile -->
