<?xml version="1.0" encoding="UTF-8"?>
<!-- Generated by org.testng.reporters.JUnitReportReporter -->
<testsuite skipped="0" hostname="Riyaz" name="com.qa.AutomationsitePractice.multiselectDemo" tests="1" failures="0" timestamp="05 Dec 2020 09:18:19 GMT" time="41.870" errors="0">
  <testcase name="PracticeTest" time="41.870" classname="com.qa.AutomationsitePractice.multiselectDemo"/>
</testsuite> <!-- com.qa.AutomationsitePractice.multiselectDemo -->
