<?xml version="1.0" encoding="UTF-8"?>
<!-- Generated by org.testng.reporters.JUnitReportReporter -->
<testsuite skipped="0" hostname="Riyaz" name="com.qa.DemoAutomationSite.HandlingWindows" tests="1" failures="0" timestamp="28 Nov 2020 07:28:36 GMT" time="119.653" errors="0">
  <testcase name="MultipleWindowsTest" time="119.653" classname="com.qa.DemoAutomationSite.HandlingWindows"/>
</testsuite> <!-- com.qa.DemoAutomationSite.HandlingWindows -->
