<?xml version="1.0" encoding="UTF-8"?>
<!-- Generated by org.testng.reporters.JUnitReportReporter -->
<testsuite skipped="0" hostname="Riyaz" name="com.qa.DemoAutomationSite.switchTo" tests="1" failures="0" timestamp="27 Nov 2020 13:17:39 GMT" time="56.459" errors="0">
  <testcase name="switchToTest" time="56.459" classname="com.qa.DemoAutomationSite.switchTo"/>
</testsuite> <!-- com.qa.DemoAutomationSite.switchTo -->
