<?xml version="1.0" encoding="UTF-8"?>
<!-- Generated by org.testng.reporters.JUnitReportReporter -->
<testsuite skipped="0" hostname="Riyaz" name="com.qa.DemoAutomationSite.FileUpload" tests="1" failures="0" timestamp="27 Nov 2020 13:41:39 GMT" time="66.402" errors="0">
  <testcase name="fileuploadTest" time="66.402" classname="com.qa.DemoAutomationSite.FileUpload"/>
</testsuite> <!-- com.qa.DemoAutomationSite.FileUpload -->
