<?xml version="1.0" encoding="UTF-8"?>
<!-- Generated by org.testng.reporters.JUnitReportReporter -->
<testsuite skipped="0" hostname="Riyaz" name="HandlingWebTable" tests="1" failures="0" timestamp="24 Nov 2020 06:43:43 GMT" time="93.556" errors="0">
  <testcase name="WebTable" time="93.556" classname="HandlingWebTable"/>
</testsuite> <!-- HandlingWebTable -->
