<?xml version="1.0" encoding="UTF-8"?>
<!-- Generated by org.testng.reporters.JUnitReportReporter -->
<testsuite skipped="0" hostname="Riyaz" name="ScrollInsideWebElement" tests="1" failures="0" timestamp="30 Nov 2020 08:26:55 GMT" time="53.315" errors="0">
  <testcase name="scrollElement" time="53.315" classname="ScrollInsideWebElement"/>
</testsuite> <!-- ScrollInsideWebElement -->
